#
# There is insufficient memory for the Java Runtime Environment to continue.
# Native memory allocation (malloc) failed to allocate 1048576 bytes for AllocateHeap
# Possible reasons:
#   The system is out of physical RAM or swap space
#   The process is running with CompressedOops enabled, and the Java Heap may be blocking the growth of the native heap
# Possible solutions:
#   Reduce memory load on the system
#   Increase physical memory or swap space
#   Check if swap backing store is full
#   Decrease Java heap size (-Xmx/-Xms)
#   Decrease number of Java threads
#   Decrease Java thread stack sizes (-Xss)
#   Set larger code cache with -XX:ReservedCodeCacheSize=
#   JVM is running with Unscaled Compressed Oops mode in which the Java heap is
#     placed in the first 4GB address space. The Java Heap base address is the
#     maximum limit for the native heap growth. Please use -XX:HeapBaseMinAddress
#     to set the Java Heap base and to place the Java Heap above 4GB virtual address.
# This output file may be truncated or incomplete.
#
#  Out of Memory Error (memory/allocation.inline.hpp:61), pid=15688, tid=0x000000000000295c
#
# JRE version:  (8.0_271-b09) (build )
# Java VM: Java HotSpot(TM) 64-Bit Server VM (25.271-b09 mixed mode windows-amd64 compressed oops)
# Failed to write core dump. Minidumps are not enabled by default on client versions of Windows
#

---------------  T H R E A D  ---------------

Current thread (0x000001c40050a800):  JavaThread "Unknown thread" [_thread_in_vm, id=10588, stack(0x000000764f600000,0x000000764f700000)]

Stack: [0x000000764f600000,0x000000764f700000]
Native frames: (J=compiled Java code, j=interpreted, Vv=VM code, C=native code)
V  [jvm.dll+0x33f6c9]
V  [jvm.dll+0x286122]
V  [jvm.dll+0x286dcd]
V  [jvm.dll+0x27d805]
V  [jvm.dll+0x1565d]
V  [jvm.dll+0x3e35e7]
V  [jvm.dll+0x3e3fd8]
V  [jvm.dll+0x10cfff]
V  [jvm.dll+0x21ab2b]
V  [jvm.dll+0x2494e7]
V  [jvm.dll+0x172a76]
C  [java.exe+0x2312]
C  [java.exe+0x15f54]
C  [KERNEL32.DLL+0x17034]
C  [ntdll.dll+0x52651]


---------------  P R O C E S S  ---------------

Java Threads: ( => current thread )

Other Threads:

=>0x000001c40050a800 (exited) JavaThread "Unknown thread" [_thread_in_vm, id=10588, stack(0x000000764f600000,0x000000764f700000)]

VM state:not at safepoint (normal execution)

VM Mutex/Monitor currently owned by a thread: None

heap address: 0x0000000083200000, size: 1998 MB, Compressed Oops mode: 32-bit
Narrow klass base: 0x0000000000000000, Narrow klass shift: 3
Compressed class space size: 1073741824 Address: 0x0000000100000000

Heap:
 PSYoungGen      total 37888K, used 655K [0x00000000d6600000, 0x00000000d9000000, 0x0000000100000000)
  eden space 32768K, 2% used [0x00000000d6600000,0x00000000d66a3d80,0x00000000d8600000)
  from space 5120K, 0% used [0x00000000d8b00000,0x00000000d8b00000,0x00000000d9000000)
  to   space 5120K, 0% used [0x00000000d8600000,0x00000000d8600000,0x00000000d8b00000)
 ParOldGen       total 86016K, used 0K [0x0000000083200000, 0x0000000088600000, 0x00000000d6600000)
  object space 86016K, 0% used [0x0000000083200000,0x0000000083200000,0x0000000088600000)
 Metaspace       used 776K, capacity 4480K, committed 4480K, reserved 1056768K
  class space    used 76K, capacity 384K, committed 384K, reserved 1048576K

Card table byte_map: [0x000001c411180000,0x000001c411570000] byte_map_base: 0x000001c410d67000

Marking Bits: (ParMarkBitMap*) 0x00000000593e7fe0
 Begin Bits: [0x000001c411810000, 0x000001c413748000)
 End Bits:   [0x000001c413748000, 0x000001c415680000)

Polling page: 0x000001c401d90000

CodeCache: size=245760Kb used=328Kb max_used=328Kb free=245431Kb
 bounds [0x000001c401dc0000, 0x000001c402030000, 0x000001c410dc0000]
 total_blobs=58 nmethods=0 adapters=38
 compilation: enabled

Compilation events (0 events):
No events

GC Heap History (0 events):
No events

Deoptimization events (0 events):
No events

Classes redefined (0 events):
No events

Internal exceptions (0 events):
No events

Events (10 events):
Event: 0.029 loading class java/lang/Short
Event: 0.029 loading class java/lang/Short done
Event: 0.029 loading class java/lang/Integer
Event: 0.029 loading class java/lang/Integer done
Event: 0.029 loading class java/lang/Long
Event: 0.029 loading class java/lang/Long done
Event: 0.030 loading class java/lang/NullPointerException
Event: 0.030 loading class java/lang/NullPointerException done
Event: 0.030 loading class java/lang/ArithmeticException
Event: 0.030 loading class java/lang/ArithmeticException done


Dynamic libraries:
0x00007ff7ae2d0000 - 0x00007ff7ae317000 	C:\Program Files\Java\jdk1.8.0_271\bin\java.exe
0x00007ffa127d0000 - 0x00007ffa129c5000 	C:\WINDOWS\SYSTEM32\ntdll.dll
0x00007ffa11b00000 - 0x00007ffa11bbd000 	C:\WINDOWS\System32\KERNEL32.DLL
0x00007ffa10180000 - 0x00007ffa10449000 	C:\WINDOWS\System32\KERNELBASE.dll
0x00007ffa10920000 - 0x00007ffa109cc000 	C:\WINDOWS\System32\ADVAPI32.dll
0x00007ffa120a0000 - 0x00007ffa1213e000 	C:\WINDOWS\System32\msvcrt.dll
0x00007ffa12370000 - 0x00007ffa1240c000 	C:\WINDOWS\System32\sechost.dll
0x00007ffa119d0000 - 0x00007ffa11afb000 	C:\WINDOWS\System32\RPCRT4.dll
0x00007ffa125f0000 - 0x00007ffa12790000 	C:\WINDOWS\System32\USER32.dll
0x00007ffa10450000 - 0x00007ffa10472000 	C:\WINDOWS\System32\win32u.dll
0x00007ffa12410000 - 0x00007ffa1243a000 	C:\WINDOWS\System32\GDI32.dll
0x00007ffa10070000 - 0x00007ffa1017b000 	C:\WINDOWS\System32\gdi32full.dll
0x00007ffa10530000 - 0x00007ffa105cd000 	C:\WINDOWS\System32\msvcp_win.dll
0x00007ffa105d0000 - 0x00007ffa106d0000 	C:\WINDOWS\System32\ucrtbase.dll
0x00007ff9f7b30000 - 0x00007ff9f7dca000 	C:\WINDOWS\WinSxS\amd64_microsoft.windows.common-controls_6595b64144ccf1df_6.0.19041.844_none_ca00b6081b84eb1d\COMCTL32.dll
0x00007ffa11ca0000 - 0x00007ffa11cd0000 	C:\WINDOWS\System32\IMM32.DLL
0x00007ffa0c2d0000 - 0x00007ffa0c2e5000 	C:\Program Files\Java\jdk1.8.0_271\jre\bin\vcruntime140.dll
0x00007ffa07450000 - 0x00007ffa074eb000 	C:\Program Files\Java\jdk1.8.0_271\jre\bin\msvcp140.dll
0x0000000058bf0000 - 0x000000005945f000 	C:\Program Files\Java\jdk1.8.0_271\jre\bin\server\jvm.dll
0x00007ffa10830000 - 0x00007ffa10838000 	C:\WINDOWS\System32\PSAPI.DLL
0x00007ff9fedc0000 - 0x00007ff9fede7000 	C:\WINDOWS\SYSTEM32\WINMM.dll
0x00007ffa08870000 - 0x00007ffa0887a000 	C:\WINDOWS\SYSTEM32\VERSION.dll
0x00007ff9fb390000 - 0x00007ff9fb399000 	C:\WINDOWS\SYSTEM32\WSOCK32.dll
0x00007ffa11bd0000 - 0x00007ffa11c3b000 	C:\WINDOWS\System32\WS2_32.dll
0x00007ffa0e7b0000 - 0x00007ffa0e7c2000 	C:\WINDOWS\SYSTEM32\kernel.appcore.dll
0x00007ffa0d480000 - 0x00007ffa0d490000 	C:\Program Files\Java\jdk1.8.0_271\jre\bin\verify.dll
0x00007ffa07420000 - 0x00007ffa0744b000 	C:\Program Files\Java\jdk1.8.0_271\jre\bin\java.dll
0x00007ff9edf10000 - 0x00007ff9edf40000 	C:\Program Files\Java\jdk1.8.0_271\jre\bin\instrument.dll
0x00007ffa07a80000 - 0x00007ffa07a98000 	C:\Program Files\Java\jdk1.8.0_271\jre\bin\zip.dll
0x00007ffa0dbe0000 - 0x00007ffa0ddc4000 	C:\WINDOWS\SYSTEM32\dbghelp.dll
0x00007ffa10700000 - 0x00007ffa10780000 	C:\WINDOWS\System32\bcryptPrimitives.dll

VM Arguments:
jvm_args: -ea -Duser.language=en -Didea.test.cyclic.buffer.size=1048576 -javaagent:C:\Program Files\JetBrains\IntelliJ IDEA Community Edition 2020.3.1\lib\idea_rt.jar=50182:C:\Program Files\JetBrains\IntelliJ IDEA Community Edition 2020.3.1\bin -Dfile.encoding=UTF-8 
java_command: com.intellij.rt.junit.JUnitStarter -ideVersion5 -junit4 Appium.UiSelectorPrac,test
java_class_path (initial): C:\Program Files\JetBrains\IntelliJ IDEA Community Edition 2020.3.1\lib\idea_rt.jar;C:\Program Files\JetBrains\IntelliJ IDEA Community Edition 2020.3.1\plugins\junit\lib\junit5-rt.jar;C:\Program Files\JetBrains\IntelliJ IDEA Community Edition 2020.3.1\plugins\junit\lib\junit-rt.jar;C:\Program Files\Java\jdk1.8.0_271\jre\lib\charsets.jar;C:\Program Files\Java\jdk1.8.0_271\jre\lib\deploy.jar;C:\Program Files\Java\jdk1.8.0_271\jre\lib\ext\access-bridge-64.jar;C:\Program Files\Java\jdk1.8.0_271\jre\lib\ext\cldrdata.jar;C:\Program Files\Java\jdk1.8.0_271\jre\lib\ext\dnsns.jar;C:\Program Files\Java\jdk1.8.0_271\jre\lib\ext\jaccess.jar;C:\Program Files\Java\jdk1.8.0_271\jre\lib\ext\jfxrt.jar;C:\Program Files\Java\jdk1.8.0_271\jre\lib\ext\localedata.jar;C:\Program Files\Java\jdk1.8.0_271\jre\lib\ext\nashorn.jar;C:\Program Files\Java\jdk1.8.0_271\jre\lib\ext\sunec.jar;C:\Program Files\Java\jdk1.8.0_271\jre\lib\ext\sunjce_provider.jar;C:\Program Files\Java\jdk1.8.0_271\jre\lib\ext\sunmscapi.jar;C:\Program Files\Java\jdk1.8.0_271\jre\lib\ext\sunpkcs11.jar;C:\Program Files\Java\jdk1.8.0_271\jre\lib\ext\zipfs.jar;C:\Program Files\Java\jdk1.8.0_271\jre\lib\javaws.jar;C:\Program Files\Java\jdk1.8.0_271\jre\lib\jce.jar;C:\Program Files\Java\jdk1.8.0_271\jre\lib\jfr.jar;C:\Program Files\Java\jdk1.8.0_271\jre\lib\jfxswt.jar;C:\Program Files\Java\jdk1.8.0_271\jre\lib\jsse.jar;C:\Program Files\Java\jdk1.8.0_271\jre\lib\management-agent.jar;C:\Program Files\Java\jdk1.8.0_271\jre\lib\plugin.jar;C:\Program Files\Java\jdk1.8.0_271\jre\lib\resources.jar;C:\Program Files\Java\jdk1.8.0_271\jre\lib\rt.jar;C:\Users\Husamettin\IdeaProjects\mobilTesting\target\test-classes;C:\Users\Husamettin\.m2\repository\io\github\bonigarcia\webdrivermanager\4.2.2\webdrivermanager-4.2.2.jar;C:\Users\Husamettin\.m2\repository\org\slf4j\slf4j-api\1.7.30\slf4j-api-1.7.30.jar;C:\Users\Husamettin\.m2\repository\commons-io\commons-io\2.8.0\commons-io-2.8.0.jar;C:\Users\Husamettin\.m2\rep
Launcher Type: SUN_STANDARD

Environment Variables:
JAVA_HOME=C:\Program Files\Java\jdk1.8.0_271
PATH=C:\Program Files (x86)\Common Files\Oracle\Java\javapath;C:\oraclexe\app\oracle\product\11.2.0\server\bin;C:\WINDOWS\system32;C:\WINDOWS;C:\WINDOWS\System32\Wbem;C:\WINDOWS\System32\WindowsPowerShell\v1.0\;C:\WINDOWS\System32\OpenSSH\;C:\Program Files\Git\cmd;C:\Users\Husamettin\AppData\Local\Android\Sdk\tools;C:\Users\Husamettin\AppData\Local\Android\Sdk\platform-tools;C:\Program Files\Java\jdk1.8.0_271\bin;C:\Users\Husamettin\AppData\Local\Microsoft\WindowsApps;C:\Program Files\apache-maven-3.6.3\bin;C:\Program Files\Java\jdk1.8.0_271\bin;
USERNAME=Husamettin
OS=Windows_NT
PROCESSOR_IDENTIFIER=Intel64 Family 6 Model 126 Stepping 5, GenuineIntel



---------------  S Y S T E M  ---------------

OS: Windows 10.0 , 64 bit Build 19041 (10.0.19041.804)

CPU:total 8 (initial active 8) (4 cores per cpu, 2 threads per core) family 6 model 126 stepping 5, cmov, cx8, fxsr, mmx, sse, sse2, sse3, ssse3, sse4.1, sse4.2, popcnt, avx, avx2, aes, clmul, erms, 3dnowpref, lzcnt, ht, tsc, tscinvbit, bmi1, bmi2, adx

Memory: 4k page, physical 8178936k(494252k free), swap 33344760k(5220k free)

vm_info: Java HotSpot(TM) 64-Bit Server VM (25.271-b09) for windows-amd64 JRE (1.8.0_271-b09), built on Sep 16 2020 19:14:59 by "" with MS VC++ 15.9 (VS2017)

time: Sun Mar 28 14:36:05 2021
timezone: W. Europe Daylight Time
elapsed time: 0.055074 seconds (0d 0h 0m 0s)

